<?xml version="1.0" encoding="UTF-8"?>
<testsuite name="com.mjc.school.operation.OperationsTest" tests="4" skipped="0" failures="0" errors="0" timestamp="2025-05-02T20:32:28" hostname="Mac" time="0.014">
  <properties/>
  <testcase name="All command numbers are unique" classname="com.mjc.school.operation.OperationsTest" time="0.009"/>
  <testcase name="Valid command number returns correct operation" classname="com.mjc.school.operation.OperationsTest" time="0.0"/>
  <testcase name="Invalid command number throws exception" classname="com.mjc.school.operation.OperationsTest" time="0.003"/>
  <testcase name="toString returns formatted string" classname="com.mjc.school.operation.OperationsTest" time="0.0"/>
  <system-out><![CDATA[]]></system-out>
  <system-err><![CDATA[]]></system-err>
</testsuite>
