<?xml version="1.0" encoding="UTF-8"?>
<testsuite name="com.mjc.school.service.implementation.ImplementNewsServiceTest" tests="3" skipped="0" failures="0" errors="0" timestamp="2025-05-02T20:39:46" hostname="Mac" time="0.082">
  <properties/>
  <testcase name="shouldUpdateNewsSuccessfully_whenNewsAndAuthorExist()" classname="com.mjc.school.service.implementation.ImplementNewsServiceTest" time="0.072"/>
  <testcase name="shouldThrowNotFoundException_whenAuthorDoesNotExist()" classname="com.mjc.school.service.implementation.ImplementNewsServiceTest" time="0.006"/>
  <testcase name="shouldCreateNewsSuccessfully_whenAuthorExists()" classname="com.mjc.school.service.implementation.ImplementNewsServiceTest" time="0.003"/>
  <system-out><![CDATA[22:39:46.660 [Test worker] INFO com.mjc.school.service.implementation.ImplementNewsService - Service News Component -> Updating news article with ID: 1
22:39:46.716 [Test worker] INFO com.mjc.school.service.implementation.ImplementNewsService - Service News Component -> Updating news article with ID: 1
AUTHOR AuthorModel(id=1, name=Test Author, createDate=null, lastUpdateDate=null, news=[])
22:39:46.722 [Test worker] INFO com.mjc.school.service.implementation.ImplementNewsService - Service News Component -> Creating new news article. Title: Test Title
]]></system-out>
  <system-err><![CDATA[]]></system-err>
</testsuite>
